

[ERROR] 2018-05-03 23:07:07.969 [AWT-EventQueue-0] OrdiniGUI - Errore in salva

com.google.api.client.auth.oauth2.TokenResponseException: 400 Bad Request
{
  "error" : "invalid_grant",
  "error_description" : "Bad Request"
}
	at com.google.api.client.auth.oauth2.TokenResponseException.from(TokenResponseException.java:105) ~[google-oauth-client-1.23.0.jar:1.23.0]
	at com.google.api.client.auth.oauth2.TokenRequest.executeUnparsed(TokenRequest.java:287) ~[google-oauth-client-1.23.0.jar:1.23.0]
	at com.google.api.client.auth.oauth2.TokenRequest.execute(TokenRequest.java:307) ~[google-oauth-client-1.23.0.jar:1.23.0]
	at com.google.api.client.auth.oauth2.Credential.executeRefreshToken(Credential.java:570) ~[google-oauth-client-1.23.0.jar:1.23.0]
	at com.google.api.client.auth.oauth2.Credential.refreshToken(Credential.java:489) ~[google-oauth-client-1.23.0.jar:1.23.0]
	at com.google.api.client.auth.oauth2.Credential.intercept(Credential.java:217) ~[google-oauth-client-1.23.0.jar:1.23.0]
	at com.google.api.client.http.HttpRequest.execute(HttpRequest.java:868) ~[google-http-client-1.23.0.jar:1.23.0]
	at com.google.api.client.googleapis.services.AbstractGoogleClientRequest.executeUnparsed(AbstractGoogleClientRequest.java:419) ~[google-api-client-1.23.0.jar:1.23.0]
	at com.google.api.client.googleapis.services.AbstractGoogleClientRequest.executeUnparsed(AbstractGoogleClientRequest.java:352) ~[google-api-client-1.23.0.jar:1.23.0]
	at com.google.api.client.googleapis.services.AbstractGoogleClientRequest.execute(AbstractGoogleClientRequest.java:469) ~[google-api-client-1.23.0.jar:1.23.0]
	at my.OrdiniGUI.Gmail.TestoEmail.sendMessage(TestoEmail.java:86) ~[main/:?]
	at my.OrdiniGUI.OrdiniGUI.salva(OrdiniGUI.java:462) [main/:?]
	at my.OrdiniGUI.OrdiniGUI.btn_salvaActionPerformed(OrdiniGUI.java:2474) [main/:?]
	at my.OrdiniGUI.OrdiniGUI.access$1800(OrdiniGUI.java:58) [main/:?]
	at my.OrdiniGUI.OrdiniGUI$12.actionPerformed(OrdiniGUI.java:1385) [main/:?]
	at javax.swing.AbstractButton.fireActionPerformed(AbstractButton.java:2022) [?:1.8.0_144]
	at javax.swing.AbstractButton$Handler.actionPerformed(AbstractButton.java:2348) [?:1.8.0_144]
	at javax.swing.DefaultButtonModel.fireActionPerformed(DefaultButtonModel.java:402) [?:1.8.0_144]
	at javax.swing.DefaultButtonModel.setPressed(DefaultButtonModel.java:259) [?:1.8.0_144]
	at javax.swing.plaf.basic.BasicButtonListener.mouseReleased(BasicButtonListener.java:252) [?:1.8.0_144]
	at java.awt.Component.processMouseEvent(Component.java:6533) [?:1.8.0_144]
	at javax.swing.JComponent.processMouseEvent(JComponent.java:3324) [?:1.8.0_144]
	at java.awt.Component.processEvent(Component.java:6298) [?:1.8.0_144]
	at java.awt.Container.processEvent(Container.java:2236) [?:1.8.0_144]
	at java.awt.Component.dispatchEventImpl(Component.java:4889) [?:1.8.0_144]
	at java.awt.Container.dispatchEventImpl(Container.java:2294) [?:1.8.0_144]
	at java.awt.Component.dispatchEvent(Component.java:4711) [?:1.8.0_144]
	at java.awt.LightweightDispatcher.retargetMouseEvent(Container.java:4888) [?:1.8.0_144]
	at java.awt.LightweightDispatcher.processMouseEvent(Container.java:4525) [?:1.8.0_144]
	at java.awt.LightweightDispatcher.dispatchEvent(Container.java:4466) [?:1.8.0_144]
	at java.awt.Container.dispatchEventImpl(Container.java:2280) [?:1.8.0_144]
	at java.awt.Window.dispatchEventImpl(Window.java:2746) [?:1.8.0_144]
	at java.awt.Component.dispatchEvent(Component.java:4711) [?:1.8.0_144]
	at java.awt.EventQueue.dispatchEventImpl(EventQueue.java:758) [?:1.8.0_144]
	at java.awt.EventQueue.access$500(EventQueue.java:97) [?:1.8.0_144]
	at java.awt.EventQueue$3.run(EventQueue.java:709) [?:1.8.0_144]
	at java.awt.EventQueue$3.run(EventQueue.java:703) [?:1.8.0_144]
	at java.security.AccessController.doPrivileged(Native Method) [?:1.8.0_144]
	at java.security.ProtectionDomain$JavaSecurityAccessImpl.doIntersectionPrivilege(ProtectionDomain.java:80) [?:1.8.0_144]
	at java.security.ProtectionDomain$JavaSecurityAccessImpl.doIntersectionPrivilege(ProtectionDomain.java:90) [?:1.8.0_144]
	at java.awt.EventQueue$4.run(EventQueue.java:731) [?:1.8.0_144]
	at java.awt.EventQueue$4.run(EventQueue.java:729) [?:1.8.0_144]
	at java.security.AccessController.doPrivileged(Native Method) [?:1.8.0_144]
	at java.security.ProtectionDomain$JavaSecurityAccessImpl.doIntersectionPrivilege(ProtectionDomain.java:80) [?:1.8.0_144]
	at java.awt.EventQueue.dispatchEvent(EventQueue.java:728) [?:1.8.0_144]
	at java.awt.EventDispatchThread.pumpOneEventForFilters(EventDispatchThread.java:201) [?:1.8.0_144]
	at java.awt.EventDispatchThread.pumpEventsForFilter(EventDispatchThread.java:116) [?:1.8.0_144]
	at java.awt.EventDispatchThread.pumpEventsForHierarchy(EventDispatchThread.java:105) [?:1.8.0_144]
	at java.awt.EventDispatchThread.pumpEvents(EventDispatchThread.java:101) [?:1.8.0_144]
	at java.awt.EventDispatchThread.pumpEvents(EventDispatchThread.java:93) [?:1.8.0_144]
	at java.awt.EventDispatchThread.run(EventDispatchThread.java:82) [?:1.8.0_144]


[ERROR] 2018-05-03 23:16:09.492 [AWT-EventQueue-0] OrdiniGUI - Errore di SalvaEmail

org.sqlite.SQLiteException: [SQLITE_BUSY]  The database file is locked (database is locked)
	at org.sqlite.core.DB.newSQLException(DB.java:909) ~[sqlite-jdbc-3.16.1.jar:?]
	at org.sqlite.core.DB.newSQLException(DB.java:921) ~[sqlite-jdbc-3.16.1.jar:?]
	at org.sqlite.core.DB.execute(DB.java:822) ~[sqlite-jdbc-3.16.1.jar:?]
	at org.sqlite.jdbc3.JDBC3PreparedStatement.execute(JDBC3PreparedStatement.java:53) ~[sqlite-jdbc-3.16.1.jar:?]
	at my.OrdiniGUI.OrdiniGUI.salvaEmailImpostazioniActionPerformed(OrdiniGUI.java:2805) [main/:?]
	at my.OrdiniGUI.OrdiniGUI.access$1300(OrdiniGUI.java:58) [main/:?]
	at my.OrdiniGUI.OrdiniGUI$7.actionPerformed(OrdiniGUI.java:1138) [main/:?]
	at javax.swing.AbstractButton.fireActionPerformed(AbstractButton.java:2022) [?:1.8.0_144]
	at javax.swing.AbstractButton$Handler.actionPerformed(AbstractButton.java:2348) [?:1.8.0_144]
	at javax.swing.DefaultButtonModel.fireActionPerformed(DefaultButtonModel.java:402) [?:1.8.0_144]
	at javax.swing.DefaultButtonModel.setPressed(DefaultButtonModel.java:259) [?:1.8.0_144]
	at javax.swing.plaf.basic.BasicButtonListener.mouseReleased(BasicButtonListener.java:252) [?:1.8.0_144]
	at java.awt.Component.processMouseEvent(Component.java:6533) [?:1.8.0_144]
	at javax.swing.JComponent.processMouseEvent(JComponent.java:3324) [?:1.8.0_144]
	at java.awt.Component.processEvent(Component.java:6298) [?:1.8.0_144]
	at java.awt.Container.processEvent(Container.java:2236) [?:1.8.0_144]
	at java.awt.Component.dispatchEventImpl(Component.java:4889) [?:1.8.0_144]
	at java.awt.Container.dispatchEventImpl(Container.java:2294) [?:1.8.0_144]
	at java.awt.Component.dispatchEvent(Component.java:4711) [?:1.8.0_144]
	at java.awt.LightweightDispatcher.retargetMouseEvent(Container.java:4888) [?:1.8.0_144]
	at java.awt.LightweightDispatcher.processMouseEvent(Container.java:4525) [?:1.8.0_144]
	at java.awt.LightweightDispatcher.dispatchEvent(Container.java:4466) [?:1.8.0_144]
	at java.awt.Container.dispatchEventImpl(Container.java:2280) [?:1.8.0_144]
	at java.awt.Window.dispatchEventImpl(Window.java:2746) [?:1.8.0_144]
	at java.awt.Component.dispatchEvent(Component.java:4711) [?:1.8.0_144]
	at java.awt.EventQueue.dispatchEventImpl(EventQueue.java:758) [?:1.8.0_144]
	at java.awt.EventQueue.access$500(EventQueue.java:97) [?:1.8.0_144]
	at java.awt.EventQueue$3.run(EventQueue.java:709) [?:1.8.0_144]
	at java.awt.EventQueue$3.run(EventQueue.java:703) [?:1.8.0_144]
	at java.security.AccessController.doPrivileged(Native Method) [?:1.8.0_144]
	at java.security.ProtectionDomain$JavaSecurityAccessImpl.doIntersectionPrivilege(ProtectionDomain.java:80) [?:1.8.0_144]
	at java.security.ProtectionDomain$JavaSecurityAccessImpl.doIntersectionPrivilege(ProtectionDomain.java:90) [?:1.8.0_144]
	at java.awt.EventQueue$4.run(EventQueue.java:731) [?:1.8.0_144]
	at java.awt.EventQueue$4.run(EventQueue.java:729) [?:1.8.0_144]
	at java.security.AccessController.doPrivileged(Native Method) [?:1.8.0_144]
	at java.security.ProtectionDomain$JavaSecurityAccessImpl.doIntersectionPrivilege(ProtectionDomain.java:80) [?:1.8.0_144]
	at java.awt.EventQueue.dispatchEvent(EventQueue.java:728) [?:1.8.0_144]
	at java.awt.EventDispatchThread.pumpOneEventForFilters(EventDispatchThread.java:201) [?:1.8.0_144]
	at java.awt.EventDispatchThread.pumpEventsForFilter(EventDispatchThread.java:116) [?:1.8.0_144]
	at java.awt.EventDispatchThread.pumpEventsForHierarchy(EventDispatchThread.java:105) [?:1.8.0_144]
	at java.awt.EventDispatchThread.pumpEvents(EventDispatchThread.java:101) [?:1.8.0_144]
	at java.awt.EventDispatchThread.pumpEvents(EventDispatchThread.java:93) [?:1.8.0_144]
	at java.awt.EventDispatchThread.run(EventDispatchThread.java:82) [?:1.8.0_144]


[ERROR] 2018-05-03 23:16:23.592 [AWT-EventQueue-0] OrdiniGUI - Errore di SalvaEmail

org.sqlite.SQLiteException: [SQLITE_BUSY]  The database file is locked (database is locked)
	at org.sqlite.core.DB.newSQLException(DB.java:909) ~[sqlite-jdbc-3.16.1.jar:?]
	at org.sqlite.core.DB.newSQLException(DB.java:921) ~[sqlite-jdbc-3.16.1.jar:?]
	at org.sqlite.core.DB.execute(DB.java:822) ~[sqlite-jdbc-3.16.1.jar:?]
	at org.sqlite.jdbc3.JDBC3PreparedStatement.execute(JDBC3PreparedStatement.java:53) ~[sqlite-jdbc-3.16.1.jar:?]
	at my.OrdiniGUI.OrdiniGUI.salvaEmailImpostazioniActionPerformed(OrdiniGUI.java:2805) [main/:?]
	at my.OrdiniGUI.OrdiniGUI.access$1300(OrdiniGUI.java:58) [main/:?]
	at my.OrdiniGUI.OrdiniGUI$7.actionPerformed(OrdiniGUI.java:1138) [main/:?]
	at javax.swing.AbstractButton.fireActionPerformed(AbstractButton.java:2022) [?:1.8.0_144]
	at javax.swing.AbstractButton$Handler.actionPerformed(AbstractButton.java:2348) [?:1.8.0_144]
	at javax.swing.DefaultButtonModel.fireActionPerformed(DefaultButtonModel.java:402) [?:1.8.0_144]
	at javax.swing.DefaultButtonModel.setPressed(DefaultButtonModel.java:259) [?:1.8.0_144]
	at javax.swing.plaf.basic.BasicButtonListener.mouseReleased(BasicButtonListener.java:252) [?:1.8.0_144]
	at java.awt.Component.processMouseEvent(Component.java:6533) [?:1.8.0_144]
	at javax.swing.JComponent.processMouseEvent(JComponent.java:3324) [?:1.8.0_144]
	at java.awt.Component.processEvent(Component.java:6298) [?:1.8.0_144]
	at java.awt.Container.processEvent(Container.java:2236) [?:1.8.0_144]
	at java.awt.Component.dispatchEventImpl(Component.java:4889) [?:1.8.0_144]
	at java.awt.Container.dispatchEventImpl(Container.java:2294) [?:1.8.0_144]
	at java.awt.Component.dispatchEvent(Component.java:4711) [?:1.8.0_144]
	at java.awt.LightweightDispatcher.retargetMouseEvent(Container.java:4888) [?:1.8.0_144]
	at java.awt.LightweightDispatcher.processMouseEvent(Container.java:4525) [?:1.8.0_144]
	at java.awt.LightweightDispatcher.dispatchEvent(Container.java:4466) [?:1.8.0_144]
	at java.awt.Container.dispatchEventImpl(Container.java:2280) [?:1.8.0_144]
	at java.awt.Window.dispatchEventImpl(Window.java:2746) [?:1.8.0_144]
	at java.awt.Component.dispatchEvent(Component.java:4711) [?:1.8.0_144]
	at java.awt.EventQueue.dispatchEventImpl(EventQueue.java:758) [?:1.8.0_144]
	at java.awt.EventQueue.access$500(EventQueue.java:97) [?:1.8.0_144]
	at java.awt.EventQueue$3.run(EventQueue.java:709) [?:1.8.0_144]
	at java.awt.EventQueue$3.run(EventQueue.java:703) [?:1.8.0_144]
	at java.security.AccessController.doPrivileged(Native Method) [?:1.8.0_144]
	at java.security.ProtectionDomain$JavaSecurityAccessImpl.doIntersectionPrivilege(ProtectionDomain.java:80) [?:1.8.0_144]
	at java.security.ProtectionDomain$JavaSecurityAccessImpl.doIntersectionPrivilege(ProtectionDomain.java:90) [?:1.8.0_144]
	at java.awt.EventQueue$4.run(EventQueue.java:731) [?:1.8.0_144]
	at java.awt.EventQueue$4.run(EventQueue.java:729) [?:1.8.0_144]
	at java.security.AccessController.doPrivileged(Native Method) [?:1.8.0_144]
	at java.security.ProtectionDomain$JavaSecurityAccessImpl.doIntersectionPrivilege(ProtectionDomain.java:80) [?:1.8.0_144]
	at java.awt.EventQueue.dispatchEvent(EventQueue.java:728) [?:1.8.0_144]
	at java.awt.EventDispatchThread.pumpOneEventForFilters(EventDispatchThread.java:201) [?:1.8.0_144]
	at java.awt.EventDispatchThread.pumpEventsForFilter(EventDispatchThread.java:116) [?:1.8.0_144]
	at java.awt.EventDispatchThread.pumpEventsForHierarchy(EventDispatchThread.java:105) [?:1.8.0_144]
	at java.awt.EventDispatchThread.pumpEvents(EventDispatchThread.java:101) [?:1.8.0_144]
	at java.awt.EventDispatchThread.pumpEvents(EventDispatchThread.java:93) [?:1.8.0_144]
	at java.awt.EventDispatchThread.run(EventDispatchThread.java:82) [?:1.8.0_144]


[ERROR] 2018-05-03 23:21:14.459 [AWT-EventQueue-0] OrdiniGUI - Errore di SalvaEmail

org.sqlite.SQLiteException: [SQLITE_BUSY]  The database file is locked (database is locked)
	at org.sqlite.core.DB.newSQLException(DB.java:909) ~[sqlite-jdbc-3.16.1.jar:?]
	at org.sqlite.core.DB.newSQLException(DB.java:921) ~[sqlite-jdbc-3.16.1.jar:?]
	at org.sqlite.core.DB.execute(DB.java:822) ~[sqlite-jdbc-3.16.1.jar:?]
	at org.sqlite.jdbc3.JDBC3PreparedStatement.execute(JDBC3PreparedStatement.java:53) ~[sqlite-jdbc-3.16.1.jar:?]
	at my.OrdiniGUI.OrdiniGUI.salvaEmailImpostazioniActionPerformed(OrdiniGUI.java:2805) [main/:?]
	at my.OrdiniGUI.OrdiniGUI.access$1300(OrdiniGUI.java:58) [main/:?]
	at my.OrdiniGUI.OrdiniGUI$7.actionPerformed(OrdiniGUI.java:1138) [main/:?]
	at javax.swing.AbstractButton.fireActionPerformed(AbstractButton.java:2022) [?:1.8.0_144]
	at javax.swing.AbstractButton$Handler.actionPerformed(AbstractButton.java:2348) [?:1.8.0_144]
	at javax.swing.DefaultButtonModel.fireActionPerformed(DefaultButtonModel.java:402) [?:1.8.0_144]
	at javax.swing.DefaultButtonModel.setPressed(DefaultButtonModel.java:259) [?:1.8.0_144]
	at javax.swing.plaf.basic.BasicButtonListener.mouseReleased(BasicButtonListener.java:252) [?:1.8.0_144]
	at java.awt.Component.processMouseEvent(Component.java:6533) [?:1.8.0_144]
	at javax.swing.JComponent.processMouseEvent(JComponent.java:3324) [?:1.8.0_144]
	at java.awt.Component.processEvent(Component.java:6298) [?:1.8.0_144]
	at java.awt.Container.processEvent(Container.java:2236) [?:1.8.0_144]
	at java.awt.Component.dispatchEventImpl(Component.java:4889) [?:1.8.0_144]
	at java.awt.Container.dispatchEventImpl(Container.java:2294) [?:1.8.0_144]
	at java.awt.Component.dispatchEvent(Component.java:4711) [?:1.8.0_144]
	at java.awt.LightweightDispatcher.retargetMouseEvent(Container.java:4888) [?:1.8.0_144]
	at java.awt.LightweightDispatcher.processMouseEvent(Container.java:4525) [?:1.8.0_144]
	at java.awt.LightweightDispatcher.dispatchEvent(Container.java:4466) [?:1.8.0_144]
	at java.awt.Container.dispatchEventImpl(Container.java:2280) [?:1.8.0_144]
	at java.awt.Window.dispatchEventImpl(Window.java:2746) [?:1.8.0_144]
	at java.awt.Component.dispatchEvent(Component.java:4711) [?:1.8.0_144]
	at java.awt.EventQueue.dispatchEventImpl(EventQueue.java:758) [?:1.8.0_144]
	at java.awt.EventQueue.access$500(EventQueue.java:97) [?:1.8.0_144]
	at java.awt.EventQueue$3.run(EventQueue.java:709) [?:1.8.0_144]
	at java.awt.EventQueue$3.run(EventQueue.java:703) [?:1.8.0_144]
	at java.security.AccessController.doPrivileged(Native Method) [?:1.8.0_144]
	at java.security.ProtectionDomain$JavaSecurityAccessImpl.doIntersectionPrivilege(ProtectionDomain.java:80) [?:1.8.0_144]
	at java.security.ProtectionDomain$JavaSecurityAccessImpl.doIntersectionPrivilege(ProtectionDomain.java:90) [?:1.8.0_144]
	at java.awt.EventQueue$4.run(EventQueue.java:731) [?:1.8.0_144]
	at java.awt.EventQueue$4.run(EventQueue.java:729) [?:1.8.0_144]
	at java.security.AccessController.doPrivileged(Native Method) [?:1.8.0_144]
	at java.security.ProtectionDomain$JavaSecurityAccessImpl.doIntersectionPrivilege(ProtectionDomain.java:80) [?:1.8.0_144]
	at java.awt.EventQueue.dispatchEvent(EventQueue.java:728) [?:1.8.0_144]
	at java.awt.EventDispatchThread.pumpOneEventForFilters(EventDispatchThread.java:201) [?:1.8.0_144]
	at java.awt.EventDispatchThread.pumpEventsForFilter(EventDispatchThread.java:116) [?:1.8.0_144]
	at java.awt.EventDispatchThread.pumpEventsForHierarchy(EventDispatchThread.java:105) [?:1.8.0_144]
	at java.awt.EventDispatchThread.pumpEvents(EventDispatchThread.java:101) [?:1.8.0_144]
	at java.awt.EventDispatchThread.pumpEvents(EventDispatchThread.java:93) [?:1.8.0_144]
	at java.awt.EventDispatchThread.run(EventDispatchThread.java:82) [?:1.8.0_144]
